    Blocking waiting for file lock on package cache
    Finished `dev` profile [unoptimized + debuginfo] target(s) in 0.44s
     Running `target/debug/juicebox`
[2m2025-11-05T10:54:18.023525Z[0m [32m INFO[0m [2mjuicebox[0m[2m:[0m starting juicebox backend [3mproduction[0m[2m=[0mfalse [3mpid[0m[2m=[0m136219
[2m2025-11-05T10:54:18.023692Z[0m [32m INFO[0m [2mjuicebox[0m[2m:[0m Sentry telemetry enabled [3mrelease[0m[2m=[0mjuicebox@0.8.2 [3menvironment[0m[2m=[0mdevelopment [3merror_sample_rate[0m[2m=[0m1.0 [3mtraces_sample_rate[0m[2m=[0m1.0 [3msession_mode[0m[2m=[0mRequest [3mauto_session_tracking[0m[2m=[0mtrue [3mtrace_propagation_targets[0m[2m=[0m["^/"]
[2m2025-11-05T10:54:18.023788Z[0m [34mDEBUG[0m [2mjuicebox[0m[2m:[0m telemetry state prepared [3mrelease[0m[2m=[0mjuicebox@0.8.2 [3menvironment[0m[2m=[0mdevelopment [3mtraces_sample_rate[0m[2m=[0m1.0 [3merror_sample_rate[0m[2m=[0m1.0 [3mtrace_propagation_targets[0m[2m=[0m["^/"] [3msentry_dsn_present[0m[2m=[0mtrue
[2m2025-11-05T10:54:18.024377Z[0m [34mDEBUG[0m [2mjuicebox[0m[2m:[0m ensured storage directories exist [3mstatic_dir[0m[2m=[0m"public" [3mupload_dir[0m[2m=[0m"files" [3mdata_dir[0m[2m=[0m"data" [3mchunk_dir[0m[2m=[0m"data/chunks"
[2m2025-11-05T10:54:18.025438Z[0m [32m INFO[0m [2mjuicebox[0m[2m:[0m loaded owner metadata [3mowners[0m[2m=[0m0 [3mmigrated[0m[2m=[0mfalse
[2m2025-11-05T10:54:18.025519Z[0m [32m INFO[0m [2mjuicebox[0m[2m:[0m loaded reports metadata [3mreports[0m[2m=[0m0 [3mmigrated[0m[2m=[0mfalse
[2m2025-11-05T10:54:18.025565Z[0m [32m INFO[0m [2mjuicebox[0m[2m:[0m loaded ban metadata [3mbans[0m[2m=[0m0 [3mmigrated[0m[2m=[0mfalse
[2m2025-11-05T10:54:18.025613Z[0m [34mDEBUG[0m [2mjuicebox[0m[2m:[0m loaded admin sessions [3madmin_sessions[0m[2m=[0m0
[2m2025-11-05T10:54:18.025740Z[0m [34mDEBUG[0m [2mjuicebox[0m[2m:[0m metadata last modified timestamp loaded [3minitial_mtime[0m[2m=[0mSystemTime { tv_sec: 1762339774, tv_nsec: 438274560 }
[2m2025-11-05T10:54:18.025804Z[0m [34mDEBUG[0m [2mjuicebox[0m[2m:[0m email notification configuration evaluated [3mmail_configured[0m[2m=[0mtrue
[2m2025-11-05T10:54:18.079842Z[0m [34mDEBUG[0m [1mload_chunk_sessions_from_disk[0m[2m:[0m [2mjuicebox::state[0m[2m:[0m restored chunk sessions from disk [3mloaded[0m[2m=[0m0
[2m2025-11-05T10:54:18.080179Z[0m [34mDEBUG[0m [1mload_or_create_admin_key[0m[1m{[0m[3mpath[0m[2m=[0m"data/admin_key.json"[1m}[0m[2m:[0m [2mjuicebox::state[0m[2m:[0m loaded existing admin key
mail: enabled (domain=, to=)
[2m2025-11-05T10:54:18.080499Z[0m [32m INFO[0m [1mbuild_router[0m[2m:[0m [2mjuicebox::handlers[0m[2m:[0m Constructing application router [3mstatic_root[0m[2m=[0m"public"
[2m2025-11-05T10:54:18.081448Z[0m [32m INFO[0m [1mbuild_router[0m[2m:[0m [2mjuicebox::handlers[0m[2m:[0m Application router configured with static assets and handlers
[2m2025-11-05T10:54:18.081711Z[0m [34mDEBUG[0m [1mmaintenance.cleanup[0m[2m:[0m[1mcleanup_admin_sessions[0m[2m:[0m [2mjuicebox::state[0m[2m:[0m cleaned up admin sessions [3mremaining[0m[2m=[0m0
listening on 0.0.0.0:1200 (prod host: box.juicey.dev), admin key loaded (expires 1763199416)
